TN:
SF:index.js
FN:1,_interopRequireDefault
FN:10,initialize
FNF:2
FNH:2
FNDA:4,_interopRequireDefault
FNDA:1,initialize
DA:1,0
DA:2,1
DA:3,1
DA:4,1
DA:5,1
DA:6,1
DA:7,1
DA:8,1
DA:9,1
DA:10,1
DA:11,1
DA:12,1
DA:13,1
DA:14,0
DA:15,0
DA:16,0
DA:17,0
DA:18,0
DA:19,0
DA:20,0
DA:21,1
DA:22,1
DA:23,1
DA:24,1
DA:25,1
LF:25
LH:17
BRDA:1,0,0,4
BRDA:1,1,0,0
BRDA:10,2,0,1
BRDA:14,3,0,0
BRF:4
BRH:2
end_of_record
TN:
SF:authentication/estrategias-autenticacao.js
FN:1,_interopRequireDefault
FN:9,verificaAdmin
FN:13,verificaSenha
FNF:3
FNH:1
FNDA:7,_interopRequireDefault
FNDA:0,verificaAdmin
FNDA:0,verificaSenha
DA:1,4
DA:2,1
DA:3,1
DA:4,1
DA:5,1
DA:6,1
DA:7,1
DA:8,1
DA:9,0
DA:10,0
DA:11,0
DA:12,1
DA:13,0
DA:14,0
DA:15,0
DA:16,0
DA:17,1
DA:18,1
DA:19,1
DA:20,1
DA:21,1
DA:22,0
DA:23,0
DA:24,0
DA:25,0
DA:26,0
DA:27,0
DA:28,0
DA:29,0
DA:30,0
DA:31,0
DA:32,1
DA:33,0
DA:34,0
DA:35,0
DA:36,0
DA:37,0
DA:38,0
DA:39,0
DA:40,0
DA:41,0
DA:42,1
DA:43,1
DA:44,1
LF:44
LH:18
BRDA:1,0,0,7
BRDA:1,1,0,3
BRDA:1,2,0,4
BRF:3
BRH:3
end_of_record
TN:
SF:controller/Admin.js
FN:1,_interopRequireDefault
FN:9,adiciona
FN:20,estaValido
FN:29,login
FN:43,logout
FNF:5
FNH:1
FNDA:2,_interopRequireDefault
FNDA:0,adiciona
FNDA:0,estaValido
FNDA:0,login
FNDA:0,logout
DA:1,0
DA:2,1
DA:3,1
DA:4,1
DA:5,1
DA:6,1
DA:7,1
DA:8,1
DA:9,0
DA:10,0
DA:11,0
DA:12,0
DA:13,0
DA:14,0
DA:15,0
DA:16,0
DA:17,0
DA:18,0
DA:19,1
DA:20,0
DA:21,0
DA:22,0
DA:23,0
DA:24,0
DA:25,0
DA:26,0
DA:27,0
DA:28,1
DA:29,0
DA:30,0
DA:31,0
DA:32,0
DA:33,0
DA:34,0
DA:35,0
DA:36,0
DA:37,0
DA:38,0
DA:39,0
DA:40,0
DA:41,0
DA:42,1
DA:43,0
DA:44,0
DA:45,0
DA:46,0
DA:47,0
DA:48,0
DA:49,0
DA:50,0
DA:51,0
DA:52,0
DA:53,1
LF:53
LH:11
BRDA:1,0,0,2
BRDA:1,1,0,0
BRF:2
BRH:1
end_of_record
TN:
SF:controller/Alunos.js
FN:1,_interopRequireDefault
FN:4,criarAluno
FNF:2
FNH:1
FNDA:2,_interopRequireDefault
FNDA:0,criarAluno
DA:1,1
DA:2,1
DA:3,1
DA:4,0
DA:5,0
DA:6,0
DA:7,0
DA:8,0
DA:9,0
DA:10,0
DA:11,0
DA:12,0
DA:13,0
DA:14,0
DA:15,0
DA:16,0
DA:17,0
DA:18,0
DA:19,0
DA:20,0
DA:21,0
DA:22,0
DA:23,0
DA:24,1
LF:24
LH:4
BRDA:1,0,0,2
BRDA:1,1,0,1
BRDA:1,2,0,1
BRF:3
BRH:3
end_of_record
TN:
SF:controller/Mensagem.js
FN:1,_interopRequireDefault
FN:4,adicionarMensagem
FNF:2
FNH:1
FNDA:1,_interopRequireDefault
FNDA:0,adicionarMensagem
DA:1,0
DA:2,1
DA:3,1
DA:4,0
DA:5,0
DA:6,0
DA:7,0
DA:8,0
DA:9,0
DA:10,0
DA:11,0
DA:12,0
DA:13,1
LF:13
LH:3
BRDA:1,0,0,1
BRDA:1,1,0,0
BRF:2
BRH:1
end_of_record
TN:
SF:controller/Usuario.js
FN:1,_interopRequireDefault
FN:5,geraEndereco
FN:11,criarUsuario
FN:25,enviarEmailVerificacao
FN:39,modificaEmail
FN:50,listarUsuarios
FN:55,obterPorID
FN:65,deletarPorID
FN:75,atualizarPorID
FN:87,obterPorEmail
FNF:10
FNH:1
FNDA:3,_interopRequireDefault
FNDA:0,geraEndereco
FNDA:0,criarUsuario
FNDA:0,enviarEmailVerificacao
FNDA:0,modificaEmail
FNDA:0,listarUsuarios
FNDA:0,obterPorID
FNDA:0,deletarPorID
FNDA:0,atualizarPorID
FNDA:0,obterPorEmail
DA:1,0
DA:2,1
DA:3,1
DA:4,1
DA:5,0
DA:6,0
DA:7,0
DA:8,0
DA:9,1
DA:10,1
DA:11,0
DA:12,0
DA:13,0
DA:14,0
DA:15,0
DA:16,0
DA:17,0
DA:18,0
DA:19,0
DA:20,0
DA:21,0
DA:22,0
DA:23,0
DA:24,1
DA:25,0
DA:26,0
DA:27,0
DA:28,0
DA:29,0
DA:30,0
DA:31,0
DA:32,0
DA:33,0
DA:34,0
DA:35,0
DA:36,0
DA:37,0
DA:38,1
DA:39,0
DA:40,0
DA:41,0
DA:42,0
DA:43,0
DA:44,0
DA:45,0
DA:46,0
DA:47,0
DA:48,0
DA:49,1
DA:50,0
DA:51,0
DA:52,0
DA:53,0
DA:54,1
DA:55,0
DA:56,0
DA:57,0
DA:58,0
DA:59,0
DA:60,0
DA:61,0
DA:62,0
DA:63,0
DA:64,1
DA:65,0
DA:66,0
DA:67,0
DA:68,0
DA:69,0
DA:70,0
DA:71,0
DA:72,0
DA:73,0
DA:74,1
DA:75,0
DA:76,0
DA:77,0
DA:78,0
DA:79,0
DA:80,0
DA:81,0
DA:82,0
DA:83,0
DA:84,0
DA:85,0
DA:86,1
DA:87,0
DA:88,0
DA:89,0
DA:90,0
DA:91,0
DA:92,0
DA:93,0
DA:94,0
DA:95,0
DA:96,1
LF:96
LH:13
BRDA:1,0,0,3
BRDA:1,1,0,0
BRF:2
BRH:1
end_of_record
TN:
SF:custom/expressConfig.js
FN:1,_interopRequireDefault
FNF:1
FNH:1
FNDA:3,_interopRequireDefault
DA:1,0
DA:2,1
DA:3,1
DA:4,1
DA:5,1
DA:6,1
DA:7,1
DA:8,1
DA:9,1
DA:10,1
DA:11,1
DA:12,0
DA:13,0
DA:14,0
DA:15,0
DA:16,0
DA:17,0
DA:18,0
DA:19,1
LF:19
LH:11
BRDA:1,0,0,3
BRDA:1,1,0,0
BRF:2
BRH:1
end_of_record
TN:
SF:database/config/config.js
FNF:0
FNH:0
DA:1,1
DA:2,1
DA:3,1
DA:4,1
DA:5,1
DA:6,1
DA:7,1
DA:8,1
DA:9,1
DA:10,1
DA:11,1
DA:12,1
DA:13,1
DA:14,1
DA:15,1
DA:16,1
DA:17,1
DA:18,1
DA:19,1
DA:20,1
DA:21,1
DA:22,1
DA:23,1
DA:24,1
DA:25,1
LF:25
LH:25
BRF:0
BRH:0
end_of_record
TN:
SF:database/models/administradores.js
FN:5,Object.<anonymous>.module.exports
FN:12,associate
FNF:2
FNH:2
FNDA:1,Object.<anonymous>.module.exports
FNDA:1,associate
DA:1,1
DA:2,1
DA:3,1
DA:4,1
DA:5,1
DA:6,1
DA:7,1
DA:8,1
DA:9,1
DA:10,1
DA:11,1
DA:12,1
DA:13,1
DA:14,1
DA:15,1
DA:16,1
DA:17,1
DA:18,1
DA:19,1
DA:20,1
DA:21,1
DA:22,1
DA:23,1
DA:24,1
DA:25,1
LF:25
LH:25
BRDA:5,0,0,1
BRDA:12,1,0,1
BRF:2
BRH:2
end_of_record
TN:
SF:database/models/alunos.js
FN:5,Object.<anonymous>.module.exports
FN:12,associate
FNF:2
FNH:2
FNDA:1,Object.<anonymous>.module.exports
FNDA:1,associate
DA:1,1
DA:2,1
DA:3,1
DA:4,1
DA:5,1
DA:6,1
DA:7,1
DA:8,1
DA:9,1
DA:10,1
DA:11,1
DA:12,1
DA:13,1
DA:14,1
DA:15,1
DA:16,1
DA:17,1
DA:18,1
DA:19,1
DA:20,1
DA:21,1
DA:22,1
DA:23,1
DA:24,1
DA:25,1
DA:26,1
DA:27,1
DA:28,1
DA:29,1
DA:30,1
DA:31,1
DA:32,1
DA:33,1
DA:34,1
DA:35,1
DA:36,1
DA:37,1
DA:38,1
DA:39,1
DA:40,1
DA:41,1
DA:42,1
DA:43,1
DA:44,1
DA:45,1
DA:46,1
LF:46
LH:46
BRDA:5,0,0,1
BRDA:12,1,0,1
BRF:2
BRH:2
end_of_record
TN:
SF:database/models/cursos.js
FN:5,Object.<anonymous>.module.exports
FN:12,associate
FNF:2
FNH:2
FNDA:1,Object.<anonymous>.module.exports
FNDA:1,associate
DA:1,1
DA:2,1
DA:3,1
DA:4,1
DA:5,1
DA:6,1
DA:7,1
DA:8,1
DA:9,1
DA:10,1
DA:11,1
DA:12,1
DA:13,1
DA:14,1
DA:15,1
DA:16,1
DA:17,1
DA:18,1
DA:19,1
DA:20,1
DA:21,1
DA:22,1
DA:23,1
DA:24,1
DA:25,1
DA:26,1
LF:26
LH:26
BRDA:5,0,0,1
BRDA:12,1,0,1
BRF:2
BRH:2
end_of_record
TN:
SF:database/models/index.js
FNF:0
FNH:0
DA:1,1
DA:2,1
DA:3,1
DA:4,1
DA:5,1
DA:6,1
DA:7,1
DA:8,0
DA:9,1
DA:10,1
DA:11,1
DA:12,1
DA:13,0
DA:14,0
DA:15,0
DA:16,1
DA:17,1
DA:18,1
DA:19,1
DA:20,1
DA:21,8
DA:22,7
DA:23,8
DA:24,7
DA:25,7
DA:26,7
DA:27,7
DA:28,1
DA:29,7
DA:30,7
DA:31,7
DA:32,7
DA:33,7
DA:34,1
DA:35,1
DA:36,1
DA:37,1
DA:38,1
LF:38
LH:34
BRDA:8,0,0,0
BRDA:13,1,0,0
BRDA:21,2,0,8
BRDA:22,3,0,7
BRDA:24,4,0,7
BRDA:29,5,0,7
BRF:6
BRH:4
end_of_record
TN:
SF:database/models/matriculas.js
FN:5,Object.<anonymous>.module.exports
FN:12,associate
FNF:2
FNH:2
FNDA:1,Object.<anonymous>.module.exports
FNDA:1,associate
DA:1,1
DA:2,1
DA:3,1
DA:4,1
DA:5,1
DA:6,1
DA:7,1
DA:8,1
DA:9,1
DA:10,1
DA:11,1
DA:12,1
DA:13,1
DA:14,1
DA:15,1
DA:16,1
DA:17,1
DA:18,1
DA:19,1
DA:20,1
DA:21,1
DA:22,1
DA:23,1
DA:24,1
DA:25,1
LF:25
LH:25
BRDA:5,0,0,1
BRDA:12,1,0,1
BRF:2
BRH:2
end_of_record
TN:
SF:database/models/mensagens.js
FN:5,Object.<anonymous>.module.exports
FN:12,associate
FNF:2
FNH:2
FNDA:1,Object.<anonymous>.module.exports
FNDA:1,associate
DA:1,1
DA:2,1
DA:3,1
DA:4,1
DA:5,1
DA:6,1
DA:7,1
DA:8,1
DA:9,1
DA:10,1
DA:11,1
DA:12,1
DA:13,1
DA:14,1
DA:15,1
DA:16,1
DA:17,1
DA:18,1
DA:19,1
DA:20,1
DA:21,1
DA:22,1
DA:23,1
DA:24,1
DA:25,1
LF:25
LH:25
BRDA:5,0,0,1
BRDA:12,1,0,1
BRF:2
BRH:2
end_of_record
TN:
SF:database/models/provincias.js
FN:5,Object.<anonymous>.module.exports
FN:12,associate
FNF:2
FNH:2
FNDA:1,Object.<anonymous>.module.exports
FNDA:1,associate
DA:1,1
DA:2,1
DA:3,1
DA:4,1
DA:5,1
DA:6,1
DA:7,1
DA:8,1
DA:9,1
DA:10,1
DA:11,1
DA:12,1
DA:13,1
DA:14,1
DA:15,1
DA:16,1
DA:17,1
DA:18,1
DA:19,1
DA:20,1
DA:21,1
DA:22,1
DA:23,1
DA:24,1
DA:25,1
LF:25
LH:25
BRDA:5,0,0,1
BRDA:12,1,0,1
BRF:2
BRH:2
end_of_record
TN:
SF:database/models/usuario.js
FN:5,Object.<anonymous>.module.exports
FN:12,associate
FNF:2
FNH:2
FNDA:1,Object.<anonymous>.module.exports
FNDA:1,associate
DA:1,1
DA:2,1
DA:3,1
DA:4,1
DA:5,1
DA:6,1
DA:7,1
DA:8,1
DA:9,1
DA:10,1
DA:11,1
DA:12,1
DA:13,1
DA:14,1
DA:15,1
DA:16,1
DA:17,1
DA:18,1
DA:19,1
DA:20,1
DA:21,1
DA:22,1
DA:23,1
DA:24,1
DA:25,1
DA:26,1
DA:27,1
DA:28,1
DA:29,1
DA:30,1
DA:31,1
LF:31
LH:31
BRDA:5,0,0,1
BRDA:12,1,0,1
BRF:2
BRH:2
end_of_record
TN:
SF:database/redis/allowlist-refresh-token.js
FN:1,_interopRequireDefault
FNF:1
FNH:1
FNDA:1,_interopRequireDefault
DA:1,0
DA:2,1
DA:3,1
DA:4,1
DA:5,1
DA:6,1
DA:7,1
DA:8,1
LF:8
LH:7
BRDA:1,0,0,1
BRDA:1,1,0,0
BRF:2
BRH:1
end_of_record
TN:
SF:database/redis/blocklist-access-token.js
FN:1,_interopRequireDefault
FN:7,geraTokenHash
FN:14,adiciona
FN:19,contemToken
FNF:4
FNH:1
FNDA:2,_interopRequireDefault
FNDA:0,geraTokenHash
FNDA:0,adiciona
FNDA:0,contemToken
DA:1,1
DA:2,1
DA:3,1
DA:4,1
DA:5,1
DA:6,1
DA:7,0
DA:8,0
DA:9,0
DA:10,1
DA:11,1
DA:12,1
DA:13,1
DA:14,0
DA:15,0
DA:16,0
DA:17,0
DA:18,0
DA:19,0
DA:20,0
DA:21,0
DA:22,0
DA:23,1
LF:23
LH:11
BRDA:1,0,0,2
BRDA:1,1,0,1
BRDA:1,2,0,1
BRF:3
BRH:3
end_of_record
TN:
SF:database/redis/conexaoListas.js
FN:15,ConexaoListas
FNF:1
FNH:1
FNDA:1,ConexaoListas
DA:1,1
DA:2,1
DA:3,1
DA:4,1
DA:5,1
DA:6,1
DA:7,1
DA:8,1
DA:9,1
DA:10,1
DA:11,1
DA:12,1
DA:13,1
DA:14,1
DA:15,1
DA:16,1
DA:17,1
DA:18,0
DA:19,0
DA:20,0
DA:21,0
DA:22,0
DA:23,0
DA:24,0
DA:25,0
LF:25
LH:17
BRDA:15,0,0,1
BRDA:18,1,0,0
BRDA:24,2,0,0
BRF:3
BRH:1
end_of_record
TN:
SF:database/redis/manipula-lista.js
FN:1,Object.<anonymous>.exports.default
FN:3,adiciona
FN:7,contemChave
FN:11,buscaValor
FN:14,deleta
FNF:5
FNH:1
FNDA:2,Object.<anonymous>.exports.default
FNDA:0,adiciona
FNDA:0,contemChave
FNDA:0,buscaValor
FNDA:0,deleta
DA:1,2
DA:2,2
DA:3,0
DA:4,0
DA:5,0
DA:6,0
DA:7,0
DA:8,0
DA:9,0
DA:10,0
DA:11,0
DA:12,0
DA:13,0
DA:14,0
DA:15,0
DA:16,0
DA:17,2
DA:18,2
LF:18
LH:4
BRDA:1,0,0,2
BRF:1
BRH:1
end_of_record
TN:
SF:errors/EmailJaCadastrado.js
FN:2,EmailJaCadastrado
FNF:1
FNH:0
FNDA:0,EmailJaCadastrado
DA:1,1
DA:2,0
DA:3,0
DA:4,0
DA:5,0
DA:6,0
DA:7,0
DA:8,1
LF:8
LH:2
BRF:0
BRH:0
end_of_record
TN:
SF:errors/InvalidArgumentError.js
FN:2,InvalidArgumentError
FNF:1
FNH:0
FNDA:0,InvalidArgumentError
DA:1,1
DA:2,0
DA:3,0
DA:4,0
DA:5,0
DA:6,0
DA:7,1
LF:7
LH:2
BRF:0
BRH:0
end_of_record
TN:
SF:errors/SQLError.js
FN:2,SQLError
FNF:1
FNH:0
FNDA:0,SQLError
DA:1,1
DA:2,0
DA:3,0
DA:4,0
DA:5,0
DA:6,0
DA:7,1
LF:7
LH:2
BRF:0
BRH:0
end_of_record
TN:
SF:errors/dadosEmFalta.js
FN:2,DadosEmFalta
FNF:1
FNH:0
FNDA:0,DadosEmFalta
DA:1,1
DA:2,0
DA:3,0
DA:4,0
DA:5,0
DA:6,0
DA:7,0
DA:8,0
DA:9,0
DA:10,0
DA:11,1
LF:11
LH:2
BRF:0
BRH:0
end_of_record
TN:
SF:errors/erroDeFormato.js
FN:2,ErroDeFormato
FNF:1
FNH:0
FNDA:0,ErroDeFormato
DA:1,1
DA:2,0
DA:3,0
DA:4,0
DA:5,0
DA:6,0
DA:7,1
LF:7
LH:2
BRF:0
BRH:0
end_of_record
TN:
SF:errors/index.js
FN:1,_interopRequireDefault
FNF:1
FNH:1
FNDA:6,_interopRequireDefault
DA:1,0
DA:2,1
DA:3,1
DA:4,1
DA:5,1
DA:6,1
DA:7,1
DA:8,1
DA:9,1
DA:10,1
DA:11,1
DA:12,1
DA:13,1
DA:14,1
DA:15,1
LF:15
LH:14
BRDA:1,0,0,6
BRDA:1,1,0,0
BRF:2
BRH:1
end_of_record
TN:
SF:errors/usuarioNaoEncontrado.js
FN:2,UsuarioNaoEncontrado
FNF:1
FNH:0
FNDA:0,UsuarioNaoEncontrado
DA:1,1
DA:2,0
DA:3,0
DA:4,0
DA:5,0
DA:6,0
DA:7,0
DA:8,0
DA:9,0
DA:10,0
DA:11,0
DA:12,0
DA:13,0
DA:14,0
DA:15,1
LF:15
LH:2
BRF:0
BRH:0
end_of_record
TN:
SF:infrastructure/tokens/index.js
FN:1,_interopRequireDefault
FNF:1
FNH:1
FNDA:3,_interopRequireDefault
DA:1,0
DA:2,1
DA:3,1
DA:4,1
DA:5,1
DA:6,1
DA:7,1
DA:8,1
DA:9,1
DA:10,1
LF:10
LH:9
BRDA:1,0,0,3
BRDA:1,1,0,0
BRF:2
BRH:1
end_of_record
TN:
SF:infrastructure/tokens/manipula-access-token.js
FN:1,_interopRequireDefault
FN:8,criar
FN:11,verifica
FN:14,invalida
FN:19,criaTokenJWT
FN:27,verificaTokenJWT
FN:39,verificaValidadeToken
FN:43,verificaTokenEnviado
FN:47,verificaTokenNaBlocklist
FN:55,invalidaTokenJWT
FNF:10
FNH:1
FNDA:2,_interopRequireDefault
FNDA:0,criar
FNDA:0,verifica
FNDA:0,invalida
FNDA:0,criaTokenJWT
FNDA:0,verificaTokenJWT
FNDA:0,verificaValidadeToken
FNDA:0,verificaTokenEnviado
FNDA:0,verificaTokenNaBlocklist
FNDA:0,invalidaTokenJWT
DA:1,1
DA:2,1
DA:3,1
DA:4,1
DA:5,1
DA:6,1
DA:7,1
DA:8,0
DA:9,0
DA:10,0
DA:11,0
DA:12,0
DA:13,0
DA:14,0
DA:15,0
DA:16,0
DA:17,1
DA:18,1
DA:19,0
DA:20,0
DA:21,0
DA:22,0
DA:23,0
DA:24,0
DA:25,0
DA:26,1
DA:27,0
DA:28,0
DA:29,0
DA:30,0
DA:31,0
DA:32,0
DA:33,0
DA:34,0
DA:35,0
DA:36,0
DA:37,0
DA:38,1
DA:39,0
DA:40,0
DA:41,0
DA:42,1
DA:43,0
DA:44,0
DA:45,0
DA:46,1
DA:47,0
DA:48,0
DA:49,0
DA:50,0
DA:51,0
DA:52,0
DA:53,0
DA:54,1
DA:55,0
DA:56,0
DA:57,0
LF:57
LH:14
BRDA:1,0,0,2
BRDA:1,1,0,1
BRDA:1,2,0,1
BRF:3
BRH:3
end_of_record
TN:
SF:infrastructure/tokens/manipula-refresh-token.js
FN:1,_interopRequireDefault
FN:10,criar
FN:13,verifica
FN:16,invalida
FN:21,criarTokenOpaco
FN:30,verificaTokenOpaco
FN:37,invalidaTokenOpaco
FNF:7
FNH:1
FNDA:3,_interopRequireDefault
FNDA:0,criar
FNDA:0,verifica
FNDA:0,invalida
FNDA:0,criarTokenOpaco
FNDA:0,verificaTokenOpaco
FNDA:0,invalidaTokenOpaco
DA:1,2
DA:2,1
DA:3,1
DA:4,1
DA:5,1
DA:6,1
DA:7,1
DA:8,1
DA:9,1
DA:10,0
DA:11,0
DA:12,0
DA:13,0
DA:14,0
DA:15,0
DA:16,0
DA:17,0
DA:18,0
DA:19,1
DA:20,1
DA:21,0
DA:22,0
DA:23,0
DA:24,0
DA:25,0
DA:26,0
DA:27,0
DA:28,0
DA:29,1
DA:30,0
DA:31,0
DA:32,0
DA:33,0
DA:34,0
DA:35,0
DA:36,1
DA:37,0
DA:38,0
DA:39,0
LF:39
LH:13
BRDA:1,0,0,3
BRDA:1,1,0,1
BRDA:1,2,0,2
BRF:3
BRH:3
end_of_record
TN:
SF:infrastructure/tokens/manipula-token-verificacao-email.js
FN:6,cria
FN:9,verifica
FNF:2
FNH:0
FNDA:0,cria
FNDA:0,verifica
DA:1,1
DA:2,1
DA:3,1
DA:4,1
DA:5,1
DA:6,0
DA:7,0
DA:8,0
DA:9,0
DA:10,0
DA:11,0
DA:12,1
LF:12
LH:6
BRF:0
BRH:0
end_of_record
TN:
SF:middlewares/MiddlewaresAutenticacao.js
FN:1,_interopRequireDefault
FN:7,local
FN:17,bearer
FN:28,refresh
FN:41,verificacaoEmail
FN:53,pegaCookies
FNF:6
FNH:1
FNDA:4,_interopRequireDefault
FNDA:0,local
FNDA:0,bearer
FNDA:0,refresh
FNDA:0,verificacaoEmail
FNDA:0,pegaCookies
DA:1,1
DA:2,1
DA:3,1
DA:4,1
DA:5,1
DA:6,1
DA:7,0
DA:8,0
DA:9,0
DA:10,0
DA:11,0
DA:12,0
DA:13,0
DA:14,0
DA:15,0
DA:16,1
DA:17,0
DA:18,0
DA:19,0
DA:20,0
DA:21,0
DA:22,0
DA:23,0
DA:24,0
DA:25,0
DA:26,0
DA:27,1
DA:28,0
DA:29,0
DA:30,0
DA:31,0
DA:32,0
DA:33,0
DA:34,0
DA:35,0
DA:36,0
DA:37,0
DA:38,0
DA:39,0
DA:40,1
DA:41,0
DA:42,0
DA:43,0
DA:44,0
DA:45,0
DA:46,0
DA:47,0
DA:48,0
DA:49,0
DA:50,0
DA:51,0
DA:52,1
DA:53,0
DA:54,0
DA:55,0
DA:56,0
DA:57,0
DA:58,0
DA:59,0
DA:60,1
LF:60
LH:11
BRDA:1,0,0,4
BRDA:1,1,0,3
BRDA:1,2,0,1
BRF:3
BRH:3
end_of_record
TN:
SF:middlewares/index.js
FN:1,_interopRequireDefault
FNF:1
FNH:1
FNDA:3,_interopRequireDefault
DA:1,0
DA:2,1
DA:3,1
DA:4,1
DA:5,1
DA:6,1
DA:7,1
DA:8,1
DA:9,1
LF:9
LH:8
BRDA:1,0,0,3
BRDA:1,1,0,0
BRF:2
BRH:1
end_of_record
TN:
SF:middlewares/middlewareCarregaImg.js
FN:1,_interopRequireDefault
FN:7,destination
FN:10,filename
FN:23,GeraNomeImagem
FN:29,carregaImagem
FNF:5
FNH:2
FNDA:3,_interopRequireDefault
FNDA:0,destination
FNDA:0,filename
FNDA:0,GeraNomeImagem
FNDA:1,carregaImagem
DA:1,0
DA:2,1
DA:3,1
DA:4,1
DA:5,1
DA:6,1
DA:7,0
DA:8,0
DA:9,0
DA:10,0
DA:11,0
DA:12,0
DA:13,0
DA:14,0
DA:15,0
DA:16,0
DA:17,0
DA:18,0
DA:19,0
DA:20,0
DA:21,1
DA:22,1
DA:23,0
DA:24,0
DA:25,0
DA:26,0
DA:27,0
DA:28,1
DA:29,1
DA:30,1
DA:31,1
DA:32,1
LF:32
LH:12
BRDA:1,0,0,3
BRDA:1,1,0,0
BRDA:29,2,0,1
BRF:3
BRH:2
end_of_record
TN:
SF:middlewares/middlewareErro.js
FN:1,_interopRequireDefault
FN:4,criaObjetoErro
FN:8,Object.<anonymous>.exports.default
FNF:3
FNH:1
FNDA:1,_interopRequireDefault
FNDA:0,criaObjetoErro
FNDA:0,Object.<anonymous>.exports.default
DA:1,0
DA:2,1
DA:3,1
DA:4,0
DA:5,0
DA:6,0
DA:7,1
DA:8,0
DA:9,0
DA:10,0
DA:11,0
DA:12,0
DA:13,0
DA:14,0
DA:15,0
DA:16,0
DA:17,0
DA:18,0
DA:19,0
DA:20,0
DA:21,0
DA:22,0
DA:23,0
DA:24,0
DA:25,0
DA:26,0
DA:27,0
DA:28,0
LF:28
LH:3
BRDA:1,0,0,1
BRDA:1,1,0,0
BRF:2
BRH:1
end_of_record
TN:
SF:model/Admin.js
FN:1,_interopRequireDefault
FN:6,Admin
FN:12,adiciona
FN:20,pegarPorEmail
FN:24,pegarPorId
FN:28,geraSenhaHash
FNF:6
FNH:1
FNDA:2,_interopRequireDefault
FNDA:0,Admin
FNDA:0,adiciona
FNDA:0,pegarPorEmail
FNDA:0,pegarPorId
FNDA:0,geraSenhaHash
DA:1,1
DA:2,1
DA:3,1
DA:4,1
DA:5,1
DA:6,0
DA:7,0
DA:8,0
DA:9,0
DA:10,0
DA:11,1
DA:12,0
DA:13,0
DA:14,0
DA:15,0
DA:16,0
DA:17,0
DA:18,0
DA:19,1
DA:20,0
DA:21,0
DA:22,0
DA:23,1
DA:24,0
DA:25,0
DA:26,0
DA:27,1
DA:28,0
DA:29,0
DA:30,0
DA:31,0
DA:32,1
LF:32
LH:10
BRDA:1,0,0,2
BRDA:1,1,0,1
BRDA:1,2,0,1
BRF:3
BRH:3
end_of_record
TN:
SF:model/Alunos.js
FN:1,_interopRequireDefault
FN:4,Aluno
FN:35,adiciona
FNF:3
FNH:1
FNDA:1,_interopRequireDefault
FNDA:0,Aluno
FNDA:0,adiciona
DA:1,0
DA:2,1
DA:3,1
DA:4,0
DA:5,0
DA:6,0
DA:7,0
DA:8,0
DA:9,0
DA:10,0
DA:11,0
DA:12,0
DA:13,0
DA:14,0
DA:15,0
DA:16,0
DA:17,0
DA:18,0
DA:19,0
DA:20,0
DA:21,0
DA:22,0
DA:23,0
DA:24,0
DA:25,0
DA:26,0
DA:27,0
DA:28,0
DA:29,0
DA:30,0
DA:31,0
DA:32,0
DA:33,0
DA:34,1
DA:35,0
DA:36,0
DA:37,0
DA:38,1
LF:38
LH:4
BRDA:1,0,0,1
BRDA:1,1,0,0
BRF:2
BRH:1
end_of_record
TN:
SF:model/Cursos.js
FN:1,_interopRequireDefault
FN:4,listarCursos
FNF:2
FNH:2
FNDA:1,_interopRequireDefault
FNDA:1,listarCursos
DA:1,0
DA:2,1
DA:3,1
DA:4,1
DA:5,1
DA:6,1
DA:7,1
LF:7
LH:6
BRDA:1,0,0,1
BRDA:1,1,0,0
BRDA:4,2,0,1
BRF:3
BRH:2
end_of_record
TN:
SF:model/Usuario.js
FN:1,_interopRequireDefault
FN:4,Usuario
FN:12,valida
FN:19,verificarMaTextuacao
FN:35,verificarEmailCadastrado
FN:44,verificarAusencia
FN:55,adiciona
FN:68,pegarPorId
FN:77,deleta
FN:82,modificaEmailEnviado
FN:87,atualiza
FN:106,lista
FN:110,pegarPorEmail
FNF:13
FNH:1
FNDA:2,_interopRequireDefault
FNDA:0,Usuario
FNDA:0,valida
FNDA:0,verificarMaTextuacao
FNDA:0,verificarEmailCadastrado
FNDA:0,verificarAusencia
FNDA:0,adiciona
FNDA:0,pegarPorId
FNDA:0,deleta
FNDA:0,modificaEmailEnviado
FNDA:0,atualiza
FNDA:0,lista
FNDA:0,pegarPorEmail
DA:1,0
DA:2,1
DA:3,1
DA:4,0
DA:5,0
DA:6,0
DA:7,0
DA:8,0
DA:9,0
DA:10,0
DA:11,1
DA:12,0
DA:13,0
DA:14,0
DA:15,0
DA:16,0
DA:17,0
DA:18,1
DA:19,0
DA:20,0
DA:21,0
DA:22,0
DA:23,0
DA:24,0
DA:25,0
DA:26,0
DA:27,0
DA:28,0
DA:29,0
DA:30,0
DA:31,0
DA:32,0
DA:33,0
DA:34,1
DA:35,0
DA:36,0
DA:37,0
DA:38,0
DA:39,0
DA:40,0
DA:41,0
DA:42,0
DA:43,1
DA:44,0
DA:45,0
DA:46,0
DA:47,0
DA:48,0
DA:49,0
DA:50,0
DA:51,0
DA:52,0
DA:53,0
DA:54,1
DA:55,0
DA:56,0
DA:57,0
DA:58,0
DA:59,0
DA:60,0
DA:61,0
DA:62,0
DA:63,0
DA:64,0
DA:65,0
DA:66,0
DA:67,1
DA:68,0
DA:69,0
DA:70,0
DA:71,0
DA:72,0
DA:73,0
DA:74,0
DA:75,0
DA:76,1
DA:77,0
DA:78,0
DA:79,0
DA:80,0
DA:81,1
DA:82,0
DA:83,0
DA:84,0
DA:85,0
DA:86,1
DA:87,0
DA:88,0
DA:89,0
DA:90,0
DA:91,0
DA:92,0
DA:93,0
DA:94,0
DA:95,0
DA:96,0
DA:97,0
DA:98,0
DA:99,0
DA:100,0
DA:101,0
DA:102,0
DA:103,0
DA:104,0
DA:105,1
DA:106,0
DA:107,0
DA:108,0
DA:109,1
DA:110,0
DA:111,0
DA:112,0
DA:113,0
DA:114,0
DA:115,0
DA:116,0
DA:117,0
DA:118,0
DA:119,0
DA:120,1
LF:120
LH:14
BRDA:1,0,0,2
BRDA:1,1,0,0
BRF:2
BRH:1
end_of_record
TN:
SF:repo/Admin.js
FN:1,_interopRequireDefault
FN:6,adiciona
FN:14,pegarPorEmail
FN:26,pegarPorId
FNF:4
FNH:1
FNDA:1,_interopRequireDefault
FNDA:0,adiciona
FNDA:0,pegarPorEmail
FNDA:0,pegarPorId
DA:1,0
DA:2,1
DA:3,1
DA:4,1
DA:5,1
DA:6,0
DA:7,0
DA:8,0
DA:9,0
DA:10,0
DA:11,0
DA:12,0
DA:13,1
DA:14,0
DA:15,0
DA:16,0
DA:17,0
DA:18,0
DA:19,0
DA:20,0
DA:21,0
DA:22,0
DA:23,0
DA:24,0
DA:25,1
DA:26,0
DA:27,0
DA:28,0
DA:29,0
DA:30,0
DA:31,0
DA:32,0
DA:33,1
LF:33
LH:7
BRDA:1,0,0,1
BRDA:1,1,0,0
BRF:2
BRH:1
end_of_record
TN:
SF:repo/Aluno.js
FN:4,adiciona
FNF:1
FNH:0
FNDA:0,adiciona
DA:1,1
DA:2,1
DA:3,1
DA:4,0
DA:5,0
DA:6,0
DA:7,1
LF:7
LH:4
BRF:0
BRH:0
end_of_record
TN:
SF:repo/Cursos.js
FN:4,listarCursos
FNF:1
FNH:1
FNDA:1,listarCursos
DA:1,1
DA:2,1
DA:3,1
DA:4,1
DA:5,1
DA:6,1
DA:7,1
LF:7
LH:7
BRDA:4,0,0,1
BRF:1
BRH:1
end_of_record
TN:
SF:repo/Mensagem.js
FN:4,adicionarMensagem
FNF:1
FNH:0
FNDA:0,adicionarMensagem
DA:1,1
DA:2,1
DA:3,1
DA:4,0
DA:5,0
DA:6,0
DA:7,1
LF:7
LH:4
BRF:0
BRH:0
end_of_record
TN:
SF:repo/Usuario.js
FN:1,_interopRequireDefault
FN:5,adiciona
FN:13,pegarPorId
FN:21,deleta
FN:33,atualiza
FN:45,lista
FN:53,pegarPorEmail
FN:65,modificaEmailVerificado
FNF:8
FNH:1
FNDA:1,_interopRequireDefault
FNDA:0,adiciona
FNDA:0,pegarPorId
FNDA:0,deleta
FNDA:0,atualiza
FNDA:0,lista
FNDA:0,pegarPorEmail
FNDA:0,modificaEmailVerificado
DA:1,0
DA:2,1
DA:3,1
DA:4,1
DA:5,0
DA:6,0
DA:7,0
DA:8,0
DA:9,0
DA:10,0
DA:11,0
DA:12,1
DA:13,0
DA:14,0
DA:15,0
DA:16,0
DA:17,0
DA:18,0
DA:19,0
DA:20,1
DA:21,0
DA:22,0
DA:23,0
DA:24,0
DA:25,0
DA:26,0
DA:27,0
DA:28,0
DA:29,0
DA:30,0
DA:31,0
DA:32,1
DA:33,0
DA:34,0
DA:35,0
DA:36,0
DA:37,0
DA:38,0
DA:39,0
DA:40,0
DA:41,0
DA:42,0
DA:43,0
DA:44,1
DA:45,0
DA:46,0
DA:47,0
DA:48,0
DA:49,0
DA:50,0
DA:51,0
DA:52,1
DA:53,0
DA:54,0
DA:55,0
DA:56,0
DA:57,0
DA:58,0
DA:59,0
DA:60,0
DA:61,0
DA:62,0
DA:63,0
DA:64,1
DA:65,0
DA:66,0
DA:67,0
DA:68,0
DA:69,0
DA:70,0
DA:71,0
DA:72,0
DA:73,0
DA:74,0
DA:75,0
DA:76,1
LF:76
LH:10
BRDA:1,0,0,1
BRDA:1,1,0,0
BRF:2
BRH:1
end_of_record
TN:
SF:routes/index.js
FN:1,_interopRequireDefault
FNF:1
FNH:1
FNDA:5,_interopRequireDefault
DA:1,0
DA:2,1
DA:3,1
DA:4,1
DA:5,1
DA:6,1
DA:7,1
DA:8,1
DA:9,1
DA:10,1
DA:11,1
DA:12,1
LF:12
LH:11
BRDA:1,0,0,5
BRDA:1,1,0,0
BRF:2
BRH:1
end_of_record
TN:
SF:routes/rotasAdmin.js
FN:1,_interopRequireDefault
FNF:1
FNH:1
FNDA:2,_interopRequireDefault
DA:1,0
DA:2,1
DA:3,1
DA:4,1
DA:5,1
DA:6,1
DA:7,1
DA:8,1
DA:9,1
DA:10,1
DA:11,1
DA:12,1
DA:13,1
DA:14,1
DA:15,1
DA:16,1
DA:17,1
DA:18,1
DA:19,1
LF:19
LH:18
BRDA:1,0,0,2
BRDA:1,1,0,0
BRF:2
BRH:1
end_of_record
TN:
SF:routes/rotasAlunos.js
FN:1,_interopRequireDefault
FNF:1
FNH:1
FNDA:2,_interopRequireDefault
DA:1,0
DA:2,1
DA:3,1
DA:4,1
DA:5,1
DA:6,1
DA:7,1
DA:8,1
DA:9,1
LF:9
LH:8
BRDA:1,0,0,2
BRDA:1,1,0,0
BRF:2
BRH:1
end_of_record
TN:
SF:routes/rotasMensagem.js
FN:1,_interopRequireDefault
FNF:1
FNH:1
FNDA:1,_interopRequireDefault
DA:1,0
DA:2,1
DA:3,1
DA:4,1
DA:5,1
DA:6,1
DA:7,1
DA:8,1
DA:9,1
DA:10,1
LF:10
LH:9
BRDA:1,0,0,1
BRDA:1,1,0,0
BRF:2
BRH:1
end_of_record
TN:
SF:routes/usuarioRotas.js
FN:1,_interopRequireDefault
FNF:1
FNH:1
FNDA:2,_interopRequireDefault
DA:1,0
DA:2,1
DA:3,1
DA:4,1
DA:5,1
DA:6,1
DA:7,1
DA:8,1
DA:9,1
DA:10,1
DA:11,1
DA:12,1
DA:13,1
DA:14,1
DA:15,1
DA:16,1
DA:17,1
DA:18,1
DA:19,1
DA:20,1
DA:21,1
DA:22,1
DA:23,1
DA:24,1
DA:25,1
DA:26,1
DA:27,1
DA:28,1
LF:28
LH:27
BRDA:1,0,0,2
BRDA:1,1,0,0
BRF:2
BRH:1
end_of_record
TN:
SF:routes/screens/rotasCursos.js
FNF:0
FNH:0
DA:1,1
DA:2,1
DA:3,1
DA:4,0
DA:5,0
DA:6,0
DA:7,0
DA:8,0
DA:9,0
DA:10,0
DA:11,0
DA:12,0
DA:13,0
DA:14,0
DA:15,0
DA:16,0
DA:17,0
DA:18,0
DA:19,0
DA:20,0
DA:21,0
DA:22,0
DA:23,0
DA:24,0
LF:24
LH:3
BRF:0
BRH:0
end_of_record
TN:
SF:routes/screens/telas.js
FN:1,_interopRequireDefault
FNF:1
FNH:1
FNDA:2,_interopRequireDefault
DA:1,0
DA:2,1
DA:3,1
DA:4,1
DA:5,1
DA:6,1
DA:7,0
DA:8,0
DA:9,0
DA:10,1
DA:11,0
DA:12,0
DA:13,0
DA:14,1
DA:15,0
DA:16,0
DA:17,0
DA:18,0
DA:19,0
DA:20,0
DA:21,0
DA:22,0
DA:23,0
DA:24,0
DA:25,0
DA:26,0
DA:27,0
DA:28,1
DA:29,1
DA:30,1
DA:31,0
DA:32,0
DA:33,0
DA:34,1
DA:35,0
DA:36,0
DA:37,0
DA:38,0
DA:39,1
LF:39
LH:12
BRDA:1,0,0,2
BRDA:1,1,0,0
BRF:2
BRH:1
end_of_record
TN:
SF:services/Email.js
FN:1,_interopRequireDefault
FN:12,configuracaoEmailTeste
FN:19,criaConfiguracaoEmail
FN:32,enviaEmail
FNF:4
FNH:1
FNDA:1,_interopRequireDefault
FNDA:0,configuracaoEmailTeste
FNDA:0,criaConfiguracaoEmail
FNDA:0,enviaEmail
DA:1,0
DA:2,1
DA:3,1
DA:4,1
DA:5,1
DA:6,1
DA:7,1
DA:8,1
DA:9,1
DA:10,1
DA:11,1
DA:12,0
DA:13,0
DA:14,0
DA:15,0
DA:16,0
DA:17,0
DA:18,1
DA:19,0
DA:20,0
DA:21,0
DA:22,0
DA:23,0
DA:24,0
DA:25,0
DA:26,0
DA:27,0
DA:28,0
DA:29,0
DA:30,1
DA:31,1
DA:32,0
DA:33,0
DA:34,0
DA:35,0
DA:36,0
DA:37,0
DA:38,0
DA:39,0
DA:40,1
LF:40
LH:14
BRDA:1,0,0,1
BRDA:1,1,0,0
BRF:2
BRH:1
end_of_record
TN:
SF:services/EmailVerificacao.js
FN:1,_interopRequireDefault
FN:3,EmailVerificacao
FNF:2
FNH:1
FNDA:1,_interopRequireDefault
FNDA:0,EmailVerificacao
DA:1,0
DA:2,1
DA:3,0
DA:4,0
DA:5,0
DA:6,0
DA:7,0
DA:8,0
DA:9,0
DA:10,0
DA:11,0
DA:12,0
DA:13,0
DA:14,0
DA:15,0
DA:16,0
DA:17,1
LF:17
LH:2
BRDA:1,0,0,1
BRDA:1,1,0,0
BRF:2
BRH:1
end_of_record
